[2024-04-23 20:07:53,596] - 160  numexpr.utils - INFO- NumExpr defaulting to 4 threads.
[2024-04-23 20:08:00,350] - 30  root - INFO- Data Ingestion Started
[2024-04-23 20:08:04,217] - 35  root - INFO- Reading Dataframe
[2024-04-23 20:08:04,249] - 43  root - INFO- Saved the raw data in the artifacts folder
[2024-04-23 20:08:04,249] - 51  root - INFO- Sucessfully done Basic Preporcessing (Filling NaN, eliminating duplicate categories)
[2024-04-23 20:08:04,264] - 55  root - INFO- Data Ingestion Completed
[2024-04-23 20:08:04,264] - 34  root - INFO- Data Transformation is initiated
[2024-04-23 20:08:04,295] - 39  root - INFO- Successfully read data
[2024-04-23 20:08:04,371] - 44  root - INFO- Succesfully Generated RFM Features and Scores for each user
[2024-04-23 20:08:04,383] - 47  root - INFO- Saved the user's RFM data
[2024-04-23 20:08:04,387] - 51  root - INFO- Succesfully added RFM Features for each users in data
[2024-04-23 20:08:04,417] - 55  root - INFO- Saved data with RFM features
[2024-04-23 20:08:04,417] - 33  root - INFO- Feature Engineering is initiated
[2024-04-23 20:08:04,441] - 37  root - INFO- Successfully read data with RFM features
[2024-04-23 20:08:04,444] - 41  root - INFO- Added date level features
[2024-04-23 20:08:04,501] - 45  root - INFO- Successfully filtered dataset for training
[2024-04-23 20:08:04,655] - 54  root - INFO- Added user level features
[2024-04-23 20:08:04,772] - 66  root - INFO- Successfully completed Feature Engineering and saved the data for modelling
[2024-04-23 20:08:04,772] - 118  root - INFO- Data Preprocessing is initiated
[2024-04-23 20:08:04,772] - 122  root - INFO- Successfully read data for modelling
[2024-04-23 20:08:04,772] - 130  root - INFO- Succesfully done train-test split
[2024-04-23 20:08:04,868] - 142  root - INFO- Applied Transformations
[2024-04-23 20:08:04,870] - 147  root - INFO- Succesfully saved preprocessor obj
[2024-04-23 20:08:04,870] - 41  root - INFO- Model Fitting Started
[2024-04-23 20:08:05,652] - 47  root - INFO- Model Report: {'Logistic Regression': 0.8787878787878789, 'Decision Tree': 0.8518518518518519, 'KNN': 0.8656716417910447, 'RF': 0.8571428571428572, 'GBDT': 0.8771929824561403, 'XGBoost': 0.4210526315789474} 
[2024-04-23 20:08:05,654] - 61  root - INFO- Best Model Found , Model Name : Logistic Regression , R2 Score : 0.8787878787878789
[2024-04-23 20:08:05,655] - 36  root - INFO- Model Evaluation Initiated
