[2024-04-24 16:36:27,132] - 30  root - INFO- Data Ingestion Started
[2024-04-24 16:36:36,527] - 35  root - INFO- Reading Dataframe
[2024-04-24 16:36:36,575] - 43  root - INFO- Saved the raw data in the artifacts folder
[2024-04-24 16:36:36,581] - 51  root - INFO- Sucessfully done Basic Preporcessing (Filling NaN, eliminating duplicate categories)
[2024-04-24 16:36:36,608] - 55  root - INFO- Data Ingestion Completed
[2024-04-24 16:36:36,609] - 34  root - INFO- Data Transformation is initiated
[2024-04-24 16:36:36,644] - 39  root - INFO- Successfully read data
[2024-04-24 16:36:36,859] - 44  root - INFO- Succesfully Generated RFM Features and Scores for each user
[2024-04-24 16:36:36,864] - 47  root - INFO- Saved the user's RFM data
[2024-04-24 16:36:36,882] - 51  root - INFO- Succesfully added RFM Features for each users in data
[2024-04-24 16:36:36,965] - 55  root - INFO- Saved data with RFM features
[2024-04-24 16:36:36,965] - 33  root - INFO- Feature Engineering is initiated
[2024-04-24 16:36:37,015] - 37  root - INFO- Successfully read data with RFM features
[2024-04-24 16:36:37,024] - 41  root - INFO- Added date level features
[2024-04-24 16:36:37,175] - 45  root - INFO- Successfully filtered dataset for training
[2024-04-24 16:36:37,536] - 54  root - INFO- Added user level features
[2024-04-24 16:36:37,857] - 66  root - INFO- Successfully completed Feature Engineering and saved the data for modelling
[2024-04-24 16:36:37,858] - 118  root - INFO- Data Preprocessing is initiated
[2024-04-24 16:36:37,889] - 122  root - INFO- Successfully read data for modelling
[2024-04-24 16:36:37,897] - 130  root - INFO- Succesfully done train-test split
[2024-04-24 16:36:38,174] - 142  root - INFO- Applied Transformations
[2024-04-24 16:36:38,178] - 147  root - INFO- Succesfully saved preprocessor obj
[2024-04-24 16:36:38,178] - 41  root - INFO- Model Fitting Started
[2024-04-24 16:36:40,692] - 47  root - INFO- Model Report: {'Logistic Regression': 0.8787878787878789, 'Decision Tree': 0.8518518518518519, 'KNN': 0.8656716417910447, 'RF': 0.870967741935484, 'GBDT': 0.8771929824561403, 'XGBoost': 0.4210526315789474} 
[2024-04-24 16:36:40,694] - 61  root - INFO- Best Model Found , Model Name : Logistic Regression , R2 Score : 0.8787878787878789
[2024-04-24 16:36:40,696] - 36  root - INFO- Model Evaluation Initiated
