[2024-04-23 20:01:07,035] - 160  numexpr.utils - INFO- NumExpr defaulting to 4 threads.
[2024-04-23 20:01:14,484] - 30  root - INFO- Data Ingestion Started
[2024-04-23 20:01:19,624] - 35  root - INFO- Reading Dataframe
[2024-04-23 20:01:19,648] - 43  root - INFO- Saved the raw data in the artifacts folder
[2024-04-23 20:01:19,648] - 51  root - INFO- Sucessfully done Basic Preporcessing (Filling NaN, eliminating duplicate categories)
[2024-04-23 20:01:19,680] - 55  root - INFO- Data Ingestion Completed
[2024-04-23 20:01:19,680] - 34  root - INFO- Data Transformation is initiated
[2024-04-23 20:01:19,711] - 39  root - INFO- Successfully read data
[2024-04-23 20:01:19,789] - 44  root - INFO- Succesfully Generated RFM Features and Scores for each user
[2024-04-23 20:01:19,789] - 47  root - INFO- Saved the user's RFM data
[2024-04-23 20:01:19,789] - 51  root - INFO- Succesfully added RFM Features for each users in data
[2024-04-23 20:01:19,843] - 55  root - INFO- Saved data with RFM features
[2024-04-23 20:01:19,843] - 33  root - INFO- Feature Engineering is initiated
[2024-04-23 20:01:19,884] - 37  root - INFO- Successfully read data with RFM features
[2024-04-23 20:01:19,892] - 41  root - INFO- Added date level features
[2024-04-23 20:01:19,977] - 45  root - INFO- Successfully filtered dataset for training
[2024-04-23 20:01:20,189] - 54  root - INFO- Added user level features
[2024-04-23 20:01:20,399] - 66  root - INFO- Successfully completed Feature Engineering and saved the data for modelling
[2024-04-23 20:01:20,399] - 118  root - INFO- Data Preprocessing is initiated
[2024-04-23 20:01:20,416] - 122  root - INFO- Successfully read data for modelling
[2024-04-23 20:01:20,425] - 133  root - INFO- Succesfully done train-test split
[2024-04-23 20:01:20,428] - 139  root - INFO- Saved Train and Test Data
[2024-04-23 20:01:20,540] - 150  root - INFO- Applied Transformations
[2024-04-23 20:01:20,542] - 155  root - INFO- Succesfully saved preprocessor obj
[2024-04-23 20:01:20,553] - 41  root - INFO- Model Fitting Started
[2024-04-23 20:01:21,676] - 47  root - INFO- Model Report: {'Logistic Regression': 0.8148148148148148, 'Decision Tree': 0.6666666666666665, 'KNN': 0.8135593220338984, 'RF': 0.7368421052631579, 'GBDT': 0.6153846153846153, 'XGBoost': 0.64} 
[2024-04-23 20:01:21,682] - 61  root - INFO- Best Model Found , Model Name : Logistic Regression , R2 Score : 0.8148148148148148
[2024-04-23 20:01:21,684] - 36  root - INFO- Model Evaluation Initiated
