[2024-04-23 20:05:03,934] - 160  numexpr.utils - INFO- NumExpr defaulting to 4 threads.
[2024-04-23 20:05:10,485] - 30  root - INFO- Data Ingestion Started
[2024-04-23 20:05:14,506] - 35  root - INFO- Reading Dataframe
[2024-04-23 20:05:14,522] - 43  root - INFO- Saved the raw data in the artifacts folder
[2024-04-23 20:05:14,538] - 51  root - INFO- Sucessfully done Basic Preporcessing (Filling NaN, eliminating duplicate categories)
[2024-04-23 20:05:14,557] - 55  root - INFO- Data Ingestion Completed
[2024-04-23 20:05:14,557] - 34  root - INFO- Data Transformation is initiated
[2024-04-23 20:05:14,569] - 39  root - INFO- Successfully read data
[2024-04-23 20:05:14,631] - 44  root - INFO- Succesfully Generated RFM Features and Scores for each user
[2024-04-23 20:05:14,647] - 47  root - INFO- Saved the user's RFM data
[2024-04-23 20:05:14,647] - 51  root - INFO- Succesfully added RFM Features for each users in data
[2024-04-23 20:05:14,686] - 55  root - INFO- Saved data with RFM features
[2024-04-23 20:05:14,686] - 33  root - INFO- Feature Engineering is initiated
[2024-04-23 20:05:14,710] - 37  root - INFO- Successfully read data with RFM features
[2024-04-23 20:05:14,710] - 41  root - INFO- Added date level features
[2024-04-23 20:05:14,779] - 45  root - INFO- Successfully filtered dataset for training
[2024-04-23 20:05:14,918] - 54  root - INFO- Added user level features
[2024-04-23 20:05:15,037] - 66  root - INFO- Successfully completed Feature Engineering and saved the data for modelling
[2024-04-23 20:05:15,037] - 118  root - INFO- Data Preprocessing is initiated
[2024-04-23 20:05:15,053] - 122  root - INFO- Successfully read data for modelling
[2024-04-23 20:05:15,053] - 132  root - INFO- Succesfully done train-test split
[2024-04-23 20:05:15,053] - 138  root - INFO- Saved Train and Test Data
[2024-04-23 20:05:15,153] - 149  root - INFO- Applied Transformations
[2024-04-23 20:05:15,153] - 154  root - INFO- Succesfully saved preprocessor obj
[2024-04-23 20:05:15,174] - 41  root - INFO- Model Fitting Started
[2024-04-23 20:05:15,887] - 47  root - INFO- Model Report: {'Logistic Regression': 0.8787878787878789, 'Decision Tree': 0.8518518518518519, 'KNN': 0.8656716417910447, 'RF': 0.870967741935484, 'GBDT': 0.8771929824561403, 'XGBoost': 0.4210526315789474} 
[2024-04-23 20:05:15,887] - 61  root - INFO- Best Model Found , Model Name : Logistic Regression , R2 Score : 0.8787878787878789
[2024-04-23 20:05:15,887] - 36  root - INFO- Model Evaluation Initiated
