[2024-04-23 19:07:12,343] - 160  numexpr.utils - INFO- NumExpr defaulting to 4 threads.
[2024-04-23 19:07:19,272] - 30  root - INFO- Data Ingestion Started
[2024-04-23 19:07:23,170] - 35  root - INFO- Reading Dataframe
[2024-04-23 19:07:23,201] - 43  root - INFO- Saved the raw data in the artifacts folder
[2024-04-23 19:07:23,201] - 51  root - INFO- Sucessfully done Basic Preporcessing (Filling NaN, eliminating duplicate categories)
[2024-04-23 19:07:23,217] - 55  root - INFO- Data Ingestion Completed
[2024-04-23 19:07:23,217] - 34  root - INFO- Data Transformation is initiated
[2024-04-23 19:07:23,248] - 39  root - INFO- Successfully read data
[2024-04-23 19:07:23,404] - 44  root - INFO- Succesfully Generated RFM Features and Scores for each user
[2024-04-23 19:07:23,404] - 47  root - INFO- Saved the user's RFM data
[2024-04-23 19:07:23,420] - 51  root - INFO- Succesfully added RFM Features for each users in data
[2024-04-23 19:07:23,451] - 55  root - INFO- Saved data with RFM features
[2024-04-23 19:07:23,451] - 33  root - INFO- Feature Engineering is initiated
[2024-04-23 19:07:23,482] - 37  root - INFO- Successfully read data with RFM features
[2024-04-23 19:07:23,482] - 41  root - INFO- Added date level features
[2024-04-23 19:07:23,571] - 45  root - INFO- Successfully filtered dataset for training
[2024-04-23 19:07:23,828] - 54  root - INFO- Added user level features
[2024-04-23 19:07:24,019] - 66  root - INFO- Successfully completed Feature Engineering and saved the data for modelling
[2024-04-23 19:07:24,019] - 118  root - INFO- Data Preprocessing is initiated
[2024-04-23 19:07:24,040] - 122  root - INFO- Successfully read data for modelling
[2024-04-23 19:07:24,047] - 133  root - INFO- Succesfully done train-test split
[2024-04-23 19:07:24,056] - 139  root - INFO- Saved Train and Test Data
[2024-04-23 19:07:24,140] - 150  root - INFO- Applied Transformations
[2024-04-23 19:07:24,140] - 155  root - INFO- Succesfully saved preprocessor obj
[2024-04-23 19:07:24,140] - 41  root - INFO- Model Fitting Started
[2024-04-23 19:07:25,265] - 47  root - INFO- Model Report: {'Logistic Regression': 0.8148148148148148, 'Decision Tree': 0.6666666666666665, 'KNN': 0.8135593220338984, 'RF': 0.7368421052631579, 'GBDT': 0.6153846153846153, 'XGBoost': 0.64} 
[2024-04-23 19:07:25,265] - 61  root - INFO- Best Model Found , Model Name : Logistic Regression , R2 Score : 0.8148148148148148
[2024-04-23 19:07:25,265] - 36  root - INFO- Model Evaluation Initiated
